\BOOKMARK [0][-]{chapter*.5}{Introduction}{}% 1
\BOOKMARK [1][-]{section*.6}{Motivation and objectives}{chapter*.5}% 2
\BOOKMARK [1][-]{section*.7}{Definition}{chapter*.5}% 3
\BOOKMARK [1][-]{section*.8}{VRP variants}{chapter*.5}% 4
\BOOKMARK [1][-]{section*.9}{Free/Open-source solvers}{chapter*.5}% 5
\BOOKMARK [0][-]{chapter*.10}{Capacitated Vehicle Routing Problem}{}% 6
\BOOKMARK [1][-]{section*.11}{Introduction}{chapter*.10}% 7
\BOOKMARK [1][-]{section*.12}{Definition}{chapter*.10}% 8
\BOOKMARK [1][-]{section*.13}{Solution methods}{chapter*.10}% 9
\BOOKMARK [1][-]{section*.17}{Benchmarks}{chapter*.10}% 10
\BOOKMARK [1][-]{section*.18}{Implemented strategies, neighbourhoods}{chapter*.10}% 11
\BOOKMARK [1][-]{section*.32}{Implemented algorithms}{chapter*.10}% 12
\BOOKMARK [1][-]{section*.39}{Comparison of implemented algorithms}{chapter*.10}% 13
\BOOKMARK [1][-]{section*.40}{Comparison with best-known results}{chapter*.10}% 14
\BOOKMARK [1][-]{section*.41}{Comparison with open-source solvers}{chapter*.10}% 15
\BOOKMARK [1][-]{section*.42}{Conclusion}{chapter*.10}% 16
\BOOKMARK [0][-]{chapter*.43}{Conclusion}{}% 17
\BOOKMARK [0][-]{section*.45}{Bibliography}{}% 18
\BOOKMARK [0][-]{appendix.A}{Acronyms}{}% 19
\BOOKMARK [0][-]{appendix.B}{Contents of enclosed CD}{}% 20
